commit 3cfbb425d53c25b013df692810fdbd3cd98e322f
Author: saaishb <saaishbhonagiri33@gmail.com>
Date:   Wed Aug 29 09:27:00 2018 +0000

    final commit

commit cd3bfc7f6cd74a0593cbb363d671189a16f7f542
Author: saaishb <saaishbhonagiri33@gmail.com>
Date:   Tue Aug 21 14:54:30 2018 +0000

     ...

commit ba1cc3d7394f9ec662e58cf51b94927879808b21
Author: saaishb <saaishbhonagiri33@gmail.com>
Date:   Tue Aug 21 14:45:34 2018 +0000

    search with wildcards

commit d93746c927abe1fc88b9a47031b308266883aaf1
Author: saaishb <saaishbhonagiri33@gmail.com>
Date:   Wed Aug 15 14:45:50 2018 +0000

    remoing some

commit c6ad9ae47b766a7c78b5c5a2cb33fd5b33c114f9
Author: saaishb <saaishbhonagiri33@gmail.com>
Date:   Wed Aug 15 14:44:34 2018 +0000

    inserting into list errors

commit ecc9937f0f775e250fd477fb772d17ed360ef346
Author: saaishb <saaishbhonagiri33@gmail.com>
Date:   Wed Aug 15 13:13:13 2018 +0000

    number of failed attemtps and indentation

commit 4cc886ef84ba2b4a22abb3aba050a6f51f343e02
Author: saaishb <saaishbhonagiri33@gmail.com>
Date:   Mon Aug 13 14:08:49 2018 +0000

    updated number of failed attempts and time hours

commit 3af0cdb2530ca3f635127f38f76d60b150cce4e8
Author: saaishb <saaishbhonagiri33@gmail.com>
Date:   Wed Aug 8 14:21:42 2018 +0000

    search without wildcards

commit 11c48387437e3921a451e439bf11ac97a0d79af1
Author: saaishb <saaishbhonagiri33@gmail.com>
Date:   Thu Jul 5 17:01:56 2018 +0000

    pushing values into list.php

commit 95ab59d7c1c2efa095400ece9341cc1c08f5374c
Author: saaishb <saaishbhonagiri33@gmail.com>
Date:   Tue Jul 3 23:24:24 2018 +0000

    date time

commit 1ce9ece772b224ae1cb13dd027cf2e4a88099173
Author: saaishb <saaishbhonagiri33@gmail.com>
Date:   Tue Jul 3 18:39:27 2018 +0000

    multi task and probes

commit e7ba56651846a2639e29b02e2d6ea922529a0817
Author: saaishb <saaishbhonagiri33@gmail.com>
Date:   Tue Jul 3 14:45:25 2018 +0000

    backend draft

commit d332a7f22af3564d81e4628cc541c2673b8a26cb
Merge: 2bfd00f 4baf5eb
Author: saaishb <saaishbhonagiri33@gmail.com>
Date:   Fri Jun 22 08:50:42 2018 +0000

    Merge branch 'master' of https://github.com/saaishb/anmproj

commit 2bfd00f221e325a03588f55a30f25c190cdd1432
Author: saaishb <saaishbhonagiri33@gmail.com>
Date:   Fri Jun 22 08:42:55 2018 +0000

    commiting from VM

commit 4baf5eb66ff628f0e3ddc163afdfc52da1fdeca6
Author: saaish <saaishbhonagiri33@gmail.com>
Date:   Fri Jun 22 10:42:39 2018 +0200

    Delete removeDevice.php

commit e8701c4c3718f0c08aff23935bd3983071aa904d
Author: saaish <saaishbhonagiri33@gmail.com>
Date:   Fri Jun 22 10:42:26 2018 +0200

    Delete listDevs.php

commit cb75564fdec4bffd1c5014dfb4194e7425b96595
Author: saaish <saaishbhonagiri33@gmail.com>
Date:   Fri Jun 22 10:42:11 2018 +0200

    Delete config.php

commit 2f8300548b6f1205b38f3f513c766627e7262dd4
Author: saaish <saaishbhonagiri33@gmail.com>
Date:   Fri Jun 22 10:41:55 2018 +0200

    Delete addDevice.php

commit cd8ba63b7387bd988bd56473203e3bfd9f8e5374
Author: saaishb <saaishbhonagiri33@gmail.com>
Date:   Fri Jun 22 10:34:06 2018 +0200

    initial
